<html>
<head>
<title>TestNG:  Sample test</title>
<link href="../testng.css" rel="stylesheet" type="text/css" />
<link href="../my-testng.css" rel="stylesheet" type="text/css" />

<style type="text/css">
.log { display: none;} 
.stack-trace { display: none;} 
</style>
<script type="text/javascript">
<!--
function flip(e) {
  current = e.style.display;
  if (current == 'block') {
    e.style.display = 'none';
    return 0;
  }
  else {
    e.style.display = 'block';
    return 1;
  }
}

function toggleBox(szDivId, elem, msg1, msg2)
{
  var res = -1;  if (document.getElementById) {
    res = flip(document.getElementById(szDivId));
  }
  else if (document.all) {
    // this is the way old msie versions work
    res = flip(document.all[szDivId]);
  }
  if(elem) {
    if(res == 0) elem.innerHTML = msg1; else elem.innerHTML = msg2;
  }

}

function toggleAllBoxes() {
  if (document.getElementsByTagName) {
    d = document.getElementsByTagName('div');
    for (i = 0; i < d.length; i++) {
      if (d[i].className == 'log') {
        flip(d[i]);
      }
    }
  }
}

// -->
</script>

</head>
<body>
<h2 align='center'>Sample test</h2><table border='1' align="center">
<tr>
<td>Tests passed/Failed/Skipped:</td><td>16/1/0</td>
</tr><tr>
<td>Started on:</td><td>Thu Oct 31 13:00:14 IST 2019</td>
</tr>
<tr><td>Total time:</td><td>72 seconds (72368 ms)</td>
</tr><tr>
<td>Included groups:</td><td></td>
</tr><tr>
<td>Excluded groups:</td><td></td>
</tr>
</table><p/>
<small><i>(Hover the method name to see the test class name)</i></small><p/>
<table width='100%' border='1' class='invocation-failed'>
<tr><td colspan='4' align='center'><b>FAILED TESTS</b></td></tr>
<tr><td><b>Test method</b></td>
<td width="30%"><b>Exception</b></td>
<td width="10%"><b>Time (seconds)</b></td>
<td><b>Instance</b></td>
</tr>
<tr>
<td title='com.training.sanity.tests.RTTC_045.CreateSearchTest()'><b>CreateSearchTest</b><br>Test class: com.training.sanity.tests.RTTC_045</td>
<td><div><pre>org.openqa.selenium.NoSuchElementException: no such element: Unable to locate element: {&quot;method&quot;:&quot;xpath&quot;,&quot;selector&quot;:&quot;//button[@id=&apos;button-invoice&apos;]//i[@class=&apos;fa fa-cog&apos;]&quot;}
  (Session info: chrome=77.0.3865.120)
For documentation on this error, please visit: https://www.seleniumhq.org/exceptions/no_such_element.html
Build info: version: &apos;3.141.59&apos;, revision: &apos;e82be7d358&apos;, time: &apos;2018-11-14T08:25:53&apos;
System info: host: &apos;DESKTOP-L8HT3HT&apos;, ip: &apos;9.195.165.140&apos;, os.name: &apos;Windows 10&apos;, os.arch: &apos;amd64&apos;, os.version: &apos;10.0&apos;, java.version: &apos;1.8.0_221&apos;
Driver info: org.openqa.selenium.chrome.ChromeDriver
Capabilities {acceptInsecureCerts: false, browserName: chrome, browserVersion: 77.0.3865.120, chrome: {chromedriverVersion: 76.0.3809.126 (d80a294506b4..., userDataDir: C:\Users\VENKAT~1\AppData\L...}, goog:chromeOptions: {debuggerAddress: localhost:64987}, javascriptEnabled: true, networkConnectionEnabled: false, pageLoadStrategy: normal, platform: XP, platformName: XP, proxy: Proxy(), setWindowRect: true, strictFileInteractability: false, timeouts: {implicit: 0, pageLoad: 300000, script: 30000}, unhandledPromptBehavior: dismiss and notify}
Session ID: 9e59f91b76f1f3c36c6a0e8653c27b77
*** Element info: {Using=xpath, value=//button[@id=&apos;button-invoice&apos;]//i[@class=&apos;fa fa-cog&apos;]}
	at org.openqa.selenium.remote.http.W3CHttpResponseCodec.createException(W3CHttpResponseCodec.java:187)
	at org.openqa.selenium.remote.http.W3CHttpResponseCodec.decode(W3CHttpResponseCodec.java:122)
	at org.openqa.selenium.remote.http.W3CHttpResponseCodec.decode(W3CHttpResponseCodec.java:49)
	at org.openqa.selenium.remote.HttpCommandExecutor.execute(HttpCommandExecutor.java:158)
	at org.openqa.selenium.remote.service.DriverCommandExecutor.execute(DriverCommandExecutor.java:83)
	at org.openqa.selenium.remote.RemoteWebDriver.execute(RemoteWebDriver.java:552)
	at org.openqa.selenium.remote.RemoteWebDriver.findElement(RemoteWebDriver.java:323)
	at org.openqa.selenium.remote.RemoteWebDriver.findElementByXPath(RemoteWebDriver.java:428)
	at org.openqa.selenium.By$ByXPath.findElement(By.java:353)
	at org.openqa.selenium.remote.RemoteWebDriver.findElement(RemoteWebDriver.java:315)
	at com.training.sanity.tests.RTTC_045.CreateSearchTest(RTTC_045.java:168)
... Removed 29 stack frames</pre></div><a href='#' onClick='toggleBox("stack-trace1625939772", this, "Click to show all stack frames", "Click to hide stack frames")'>Click to show all stack frames</a>
<div class='stack-trace' id='stack-trace1625939772'><pre>org.openqa.selenium.NoSuchElementException: no such element: Unable to locate element: {&quot;method&quot;:&quot;xpath&quot;,&quot;selector&quot;:&quot;//button[@id=&apos;button-invoice&apos;]//i[@class=&apos;fa fa-cog&apos;]&quot;}
  (Session info: chrome=77.0.3865.120)
For documentation on this error, please visit: https://www.seleniumhq.org/exceptions/no_such_element.html
Build info: version: &apos;3.141.59&apos;, revision: &apos;e82be7d358&apos;, time: &apos;2018-11-14T08:25:53&apos;
System info: host: &apos;DESKTOP-L8HT3HT&apos;, ip: &apos;9.195.165.140&apos;, os.name: &apos;Windows 10&apos;, os.arch: &apos;amd64&apos;, os.version: &apos;10.0&apos;, java.version: &apos;1.8.0_221&apos;
Driver info: org.openqa.selenium.chrome.ChromeDriver
Capabilities {acceptInsecureCerts: false, browserName: chrome, browserVersion: 77.0.3865.120, chrome: {chromedriverVersion: 76.0.3809.126 (d80a294506b4..., userDataDir: C:\Users\VENKAT~1\AppData\L...}, goog:chromeOptions: {debuggerAddress: localhost:64987}, javascriptEnabled: true, networkConnectionEnabled: false, pageLoadStrategy: normal, platform: XP, platformName: XP, proxy: Proxy(), setWindowRect: true, strictFileInteractability: false, timeouts: {implicit: 0, pageLoad: 300000, script: 30000}, unhandledPromptBehavior: dismiss and notify}
Session ID: 9e59f91b76f1f3c36c6a0e8653c27b77
*** Element info: {Using=xpath, value=//button[@id=&apos;button-invoice&apos;]//i[@class=&apos;fa fa-cog&apos;]}
	at sun.reflect.NativeConstructorAccessorImpl.newInstance0(Native Method)
	at sun.reflect.NativeConstructorAccessorImpl.newInstance(NativeConstructorAccessorImpl.java:62)
	at sun.reflect.DelegatingConstructorAccessorImpl.newInstance(DelegatingConstructorAccessorImpl.java:45)
	at java.lang.reflect.Constructor.newInstance(Constructor.java:423)
	at org.openqa.selenium.remote.http.W3CHttpResponseCodec.createException(W3CHttpResponseCodec.java:187)
	at org.openqa.selenium.remote.http.W3CHttpResponseCodec.decode(W3CHttpResponseCodec.java:122)
	at org.openqa.selenium.remote.http.W3CHttpResponseCodec.decode(W3CHttpResponseCodec.java:49)
	at org.openqa.selenium.remote.HttpCommandExecutor.execute(HttpCommandExecutor.java:158)
	at org.openqa.selenium.remote.service.DriverCommandExecutor.execute(DriverCommandExecutor.java:83)
	at org.openqa.selenium.remote.RemoteWebDriver.execute(RemoteWebDriver.java:552)
	at org.openqa.selenium.remote.RemoteWebDriver.findElement(RemoteWebDriver.java:323)
	at org.openqa.selenium.remote.RemoteWebDriver.findElementByXPath(RemoteWebDriver.java:428)
	at org.openqa.selenium.By$ByXPath.findElement(By.java:353)
	at org.openqa.selenium.remote.RemoteWebDriver.findElement(RemoteWebDriver.java:315)
	at com.training.sanity.tests.RTTC_045.CreateSearchTest(RTTC_045.java:168)
	at sun.reflect.NativeMethodAccessorImpl.invoke0(Native Method)
	at sun.reflect.NativeMethodAccessorImpl.invoke(NativeMethodAccessorImpl.java:62)
	at sun.reflect.DelegatingMethodAccessorImpl.invoke(DelegatingMethodAccessorImpl.java:43)
	at java.lang.reflect.Method.invoke(Method.java:498)
	at org.testng.internal.MethodInvocationHelper.invokeMethod(MethodInvocationHelper.java:86)
	at org.testng.internal.Invoker.invokeMethod(Invoker.java:646)
	at org.testng.internal.Invoker.invokeTestMethod(Invoker.java:823)
	at org.testng.internal.Invoker.invokeTestMethods(Invoker.java:1131)
	at org.testng.internal.TestMethodWorker.invokeTestMethods(TestMethodWorker.java:129)
	at org.testng.internal.TestMethodWorker.run(TestMethodWorker.java:112)
	at org.testng.TestRunner.privateRun(TestRunner.java:778)
	at org.testng.TestRunner.run(TestRunner.java:632)
	at org.testng.SuiteRunner.runTest(SuiteRunner.java:366)
	at org.testng.SuiteRunner.runSequentially(SuiteRunner.java:361)
	at org.testng.SuiteRunner.privateRun(SuiteRunner.java:319)
	at org.testng.SuiteRunner.run(SuiteRunner.java:268)
	at org.testng.SuiteRunnerWorker.runSuite(SuiteRunnerWorker.java:52)
	at org.testng.SuiteRunnerWorker.run(SuiteRunnerWorker.java:86)
	at org.testng.TestNG.runSuitesSequentially(TestNG.java:1225)
	at org.testng.TestNG.runSuitesLocally(TestNG.java:1150)
	at org.testng.TestNG.runSuites(TestNG.java:1075)
	at org.testng.TestNG.run(TestNG.java:1047)
	at org.testng.remote.AbstractRemoteTestNG.run(AbstractRemoteTestNG.java:115)
	at org.testng.remote.RemoteTestNG.initAndRun(RemoteTestNG.java:251)
	at org.testng.remote.RemoteTestNG.main(RemoteTestNG.java:77)
</pre></div></td>
<td>13</td>
<td>com.training.sanity.tests.RTTC_045@4b9e13df</td></tr>
</table><p>
<table width='100%' border='1' class='invocation-passed'>
<tr><td colspan='4' align='center'><b>PASSED TESTS</b></td></tr>
<tr><td><b>Test method</b></td>
<td width="30%"><b>Exception</b></td>
<td width="10%"><b>Time (seconds)</b></td>
<td><b>Instance</b></td>
</tr>
<tr>
<td title='com.training.sanity.tests.RTTC_044.AddProdTest()'><b>AddProdTest</b><br>Test class: com.training.sanity.tests.RTTC_044</td>
<td></td>
<td>4</td>
<td>com.training.sanity.tests.RTTC_044@cb5822</td></tr>
<tr>
<td title='com.training.sanity.tests.RTTC_045.CartTest()'><b>CartTest</b><br>Test class: com.training.sanity.tests.RTTC_045</td>
<td></td>
<td>2</td>
<td>com.training.sanity.tests.RTTC_045@4b9e13df</td></tr>
<tr>
<td title='com.training.sanity.tests.RTTC_043.CateTest()'><b>CateTest</b><br>Test class: com.training.sanity.tests.RTTC_043</td>
<td></td>
<td>1</td>
<td>com.training.sanity.tests.RTTC_043@18be83e4</td></tr>
<tr>
<td title='com.training.sanity.tests.RTTC_044.CateTest()'><b>CateTest</b><br>Test class: com.training.sanity.tests.RTTC_044</td>
<td></td>
<td>1</td>
<td>com.training.sanity.tests.RTTC_044@cb5822</td></tr>
<tr>
<td title='com.training.sanity.tests.RTTC_045.CreateOrder1Test()'><b>CreateOrder1Test</b><br>Test class: com.training.sanity.tests.RTTC_045</td>
<td></td>
<td>1</td>
<td>com.training.sanity.tests.RTTC_045@4b9e13df</td></tr>
<tr>
<td title='com.training.sanity.tests.RTTC_045.CreateOrderTest()'><b>CreateOrderTest</b><br>Test class: com.training.sanity.tests.RTTC_045</td>
<td></td>
<td>4</td>
<td>com.training.sanity.tests.RTTC_045@4b9e13df</td></tr>
<tr>
<td title='com.training.sanity.tests.RTTC_045.CreateShipTest()'><b>CreateShipTest</b><br>Test class: com.training.sanity.tests.RTTC_045</td>
<td></td>
<td>2</td>
<td>com.training.sanity.tests.RTTC_045@4b9e13df</td></tr>
<tr>
<td title='com.training.sanity.tests.RTTC_045.CreatepaymentTest()'><b>CreatepaymentTest</b><br>Test class: com.training.sanity.tests.RTTC_045</td>
<td></td>
<td>2</td>
<td>com.training.sanity.tests.RTTC_045@4b9e13df</td></tr>
<tr>
<td title='com.training.sanity.tests.RTTC_043.DataTest()'><b>DataTest</b><br>Test class: com.training.sanity.tests.RTTC_043</td>
<td></td>
<td>2</td>
<td>com.training.sanity.tests.RTTC_043@18be83e4</td></tr>
<tr>
<td title='com.training.sanity.tests.RTTC_044.DeleteTest()'><b>DeleteTest</b><br>Test class: com.training.sanity.tests.RTTC_044</td>
<td></td>
<td>2</td>
<td>com.training.sanity.tests.RTTC_044@cb5822</td></tr>
<tr>
<td title='com.training.sanity.tests.RTTC_043.EditProdTest()'><b>EditProdTest</b><br>Test class: com.training.sanity.tests.RTTC_043</td>
<td></td>
<td>1</td>
<td>com.training.sanity.tests.RTTC_043@18be83e4</td></tr>
<tr>
<td title='com.training.sanity.tests.RTTC_043.LoginTest()'><b>LoginTest</b><br>Test class: com.training.sanity.tests.RTTC_043</td>
<td></td>
<td>2</td>
<td>com.training.sanity.tests.RTTC_043@18be83e4</td></tr>
<tr>
<td title='com.training.sanity.tests.RTTC_044.LoginTest()'><b>LoginTest</b><br>Test class: com.training.sanity.tests.RTTC_044</td>
<td></td>
<td>2</td>
<td>com.training.sanity.tests.RTTC_044@cb5822</td></tr>
<tr>
<td title='com.training.sanity.tests.RTTC_045.LoginTest()'><b>LoginTest</b><br>Test class: com.training.sanity.tests.RTTC_045</td>
<td></td>
<td>2</td>
<td>com.training.sanity.tests.RTTC_045@4b9e13df</td></tr>
<tr>
<td title='com.training.sanity.tests.RTTC_044.ProdsearchTest()'><b>ProdsearchTest</b><br>Test class: com.training.sanity.tests.RTTC_044</td>
<td></td>
<td>0</td>
<td>com.training.sanity.tests.RTTC_044@cb5822</td></tr>
<tr>
<td title='com.training.sanity.tests.RTTC_043.SearchProdTest()'><b>SearchProdTest</b><br>Test class: com.training.sanity.tests.RTTC_043</td>
<td></td>
<td>1</td>
<td>com.training.sanity.tests.RTTC_043@18be83e4</td></tr>
</table><p>
</body>
</html>