<?xml version="1.0" encoding="UTF-8"?>
<!-- Generated by org.testng.reporters.JUnitXMLReporter -->
<testsuite hostname="DESKTOP-L8HT3HT" name="Sample test" tests="17" failures="1" timestamp="31 Oct 2019 07:31:26 GMT" time="72.368" errors="0">
  <testcase name="LoginTest" time="2.635" classname="com.training.sanity.tests.RTTC_043"/>
  <testcase name="CateTest" time="1.723" classname="com.training.sanity.tests.RTTC_043"/>
  <testcase name="SearchProdTest" time="1.711" classname="com.training.sanity.tests.RTTC_043"/>
  <testcase name="EditProdTest" time="1.598" classname="com.training.sanity.tests.RTTC_043"/>
  <testcase name="DataTest" time="2.532" classname="com.training.sanity.tests.RTTC_043"/>
  <testcase name="LoginTest" time="2.158" classname="com.training.sanity.tests.RTTC_044"/>
  <testcase name="CateTest" time="1.392" classname="com.training.sanity.tests.RTTC_044"/>
  <testcase name="AddProdTest" time="4.584" classname="com.training.sanity.tests.RTTC_044"/>
  <testcase name="ProdsearchTest" time="0.856" classname="com.training.sanity.tests.RTTC_044"/>
  <testcase name="DeleteTest" time="2.449" classname="com.training.sanity.tests.RTTC_044"/>
  <testcase name="LoginTest" time="2.263" classname="com.training.sanity.tests.RTTC_045"/>
  <testcase name="CartTest" time="2.278" classname="com.training.sanity.tests.RTTC_045"/>
  <testcase name="CreateOrderTest" time="4.44" classname="com.training.sanity.tests.RTTC_045"/>
  <testcase name="CreatepaymentTest" time="2.222" classname="com.training.sanity.tests.RTTC_045"/>
  <testcase name="CreateShipTest" time="2.909" classname="com.training.sanity.tests.RTTC_045"/>
  <testcase name="CreateOrder1Test" time="1.759" classname="com.training.sanity.tests.RTTC_045"/>
  <testcase name="CreateSearchTest" time="13.963" classname="com.training.sanity.tests.RTTC_045">
    <failure type="org.openqa.selenium.NoSuchElementException" message="no such element: Unable to locate element: {&amp;quot;method&amp;quot;:&amp;quot;xpath&amp;quot;,&amp;quot;selector&amp;quot;:&amp;quot;//button[@id=&amp;apos;button-invoice&amp;apos;]//i[@class=&amp;apos;fa fa-cog&amp;apos;]&amp;quot;}
  (Session info: chrome=77.0.3865.120)
For documentation on this error, please visit: https://www.seleniumhq.org/exceptions/no_such_element.html
Build info: version: &amp;apos;3.141.59&amp;apos;, revision: &amp;apos;e82be7d358&amp;apos;, time: &amp;apos;2018-11-14T08:25:53&amp;apos;
System info: host: &amp;apos;DESKTOP-L8HT3HT&amp;apos;, ip: &amp;apos;9.195.165.140&amp;apos;, os.name: &amp;apos;Windows 10&amp;apos;, os.arch: &amp;apos;amd64&amp;apos;, os.version: &amp;apos;10.0&amp;apos;, java.version: &amp;apos;1.8.0_221&amp;apos;
Driver info: org.openqa.selenium.chrome.ChromeDriver
Capabilities {acceptInsecureCerts: false, browserName: chrome, browserVersion: 77.0.3865.120, chrome: {chromedriverVersion: 76.0.3809.126 (d80a294506b4..., userDataDir: C:\Users\VENKAT~1\AppData\L...}, goog:chromeOptions: {debuggerAddress: localhost:64987}, javascriptEnabled: true, networkConnectionEnabled: false, pageLoadStrategy: normal, platform: XP, platformName: XP, proxy: Proxy(), setWindowRect: true, strictFileInteractability: false, timeouts: {implicit: 0, pageLoad: 300000, script: 30000}, unhandledPromptBehavior: dismiss and notify}
Session ID: 9e59f91b76f1f3c36c6a0e8653c27b77
*** Element info: {Using=xpath, value=//button[@id=&amp;apos;button-invoice&amp;apos;]//i[@class=&amp;apos;fa fa-cog&amp;apos;]}">
      <![CDATA[org.openqa.selenium.NoSuchElementException: no such element: Unable to locate element: {"method":"xpath","selector":"//button[@id='button-invoice']//i[@class='fa fa-cog']"}
  (Session info: chrome=77.0.3865.120)
For documentation on this error, please visit: https://www.seleniumhq.org/exceptions/no_such_element.html
Build info: version: '3.141.59', revision: 'e82be7d358', time: '2018-11-14T08:25:53'
System info: host: 'DESKTOP-L8HT3HT', ip: '9.195.165.140', os.name: 'Windows 10', os.arch: 'amd64', os.version: '10.0', java.version: '1.8.0_221'
Driver info: org.openqa.selenium.chrome.ChromeDriver
Capabilities {acceptInsecureCerts: false, browserName: chrome, browserVersion: 77.0.3865.120, chrome: {chromedriverVersion: 76.0.3809.126 (d80a294506b4..., userDataDir: C:\Users\VENKAT~1\AppData\L...}, goog:chromeOptions: {debuggerAddress: localhost:64987}, javascriptEnabled: true, networkConnectionEnabled: false, pageLoadStrategy: normal, platform: XP, platformName: XP, proxy: Proxy(), setWindowRect: true, strictFileInteractability: false, timeouts: {implicit: 0, pageLoad: 300000, script: 30000}, unhandledPromptBehavior: dismiss and notify}
Session ID: 9e59f91b76f1f3c36c6a0e8653c27b77
*** Element info: {Using=xpath, value=//button[@id='button-invoice']//i[@class='fa fa-cog']}
	at org.openqa.selenium.remote.http.W3CHttpResponseCodec.createException(W3CHttpResponseCodec.java:187)
	at org.openqa.selenium.remote.http.W3CHttpResponseCodec.decode(W3CHttpResponseCodec.java:122)
	at org.openqa.selenium.remote.http.W3CHttpResponseCodec.decode(W3CHttpResponseCodec.java:49)
	at org.openqa.selenium.remote.HttpCommandExecutor.execute(HttpCommandExecutor.java:158)
	at org.openqa.selenium.remote.service.DriverCommandExecutor.execute(DriverCommandExecutor.java:83)
	at org.openqa.selenium.remote.RemoteWebDriver.execute(RemoteWebDriver.java:552)
	at org.openqa.selenium.remote.RemoteWebDriver.findElement(RemoteWebDriver.java:323)
	at org.openqa.selenium.remote.RemoteWebDriver.findElementByXPath(RemoteWebDriver.java:428)
	at org.openqa.selenium.By$ByXPath.findElement(By.java:353)
	at org.openqa.selenium.remote.RemoteWebDriver.findElement(RemoteWebDriver.java:315)
	at com.training.sanity.tests.RTTC_045.CreateSearchTest(RTTC_045.java:168)
... Removed 29 stack frames]]>
    </failure>
  </testcase> <!-- CreateSearchTest -->
</testsuite> <!-- Sample test -->
